<?xml version="1.0" encoding="UTF-8"?>
<testng-results ignored="0" total="1" passed="1" failed="0" skipped="0">
  <reporter-output>
  </reporter-output>
  <suite started-at="2022-09-23T13:33:14 IST" name="Default suite" finished-at="2022-09-23T13:33:32 IST" duration-ms="17755">
    <groups>
    </groups>
    <test started-at="2022-09-23T13:33:14 IST" name="Default test" finished-at="2022-09-23T13:33:32 IST" duration-ms="17755">
      <class name="com.qa.tests.LoginTest">
        <test-method signature="loginTest()[pri:0, instance:com.qa.tests.LoginTest@7674f035]" started-at="2022-09-23T13:33:14 IST" name="loginTest" finished-at="2022-09-23T13:33:32 IST" duration-ms="17644" status="PASS">
          <reporter-output>
          </reporter-output>
        </test-method> <!-- loginTest -->
      </class> <!-- com.qa.tests.LoginTest -->
    </test> <!-- Default test -->
  </suite> <!-- Default suite -->
</testng-results>
